<?xml version="1.0" encoding="UTF-8"?>
<testng-results skipped="0" failed="0" total="1" passed="1">
  <reporter-output>
  </reporter-output>
  <suite name="Default suite" duration-ms="134399" started-at="2018-03-01T15:21:46Z" finished-at="2018-03-01T15:24:01Z">
    <groups>
    </groups>
    <test name="Default test" duration-ms="134399" started-at="2018-03-01T15:21:46Z" finished-at="2018-03-01T15:24:01Z">
      <class name="com.YoutubeReload.www.YouTubeChrome">
        <test-method status="PASS" signature="BaseMethod()[pri:0, instance:com.YoutubeReload.www.YouTubeChrome@6d00a15d]" name="BaseMethod" is-config="true" duration-ms="83771" started-at="2018-03-01T20:51:46Z" finished-at="2018-03-01T20:53:10Z">
          <reporter-output>
          </reporter-output>
        </test-method> <!-- BaseMethod -->
        <test-method status="PASS" signature="Youtube()[pri:0, instance:com.YoutubeReload.www.YouTubeChrome@6d00a15d]" name="Youtube" duration-ms="50261" started-at="2018-03-01T20:53:10Z" finished-at="2018-03-01T20:54:00Z">
          <reporter-output>
          </reporter-output>
        </test-method> <!-- Youtube -->
        <test-method status="PASS" signature="Exit()[pri:0, instance:com.YoutubeReload.www.YouTubeChrome@6d00a15d]" name="Exit" is-config="true" duration-ms="349" started-at="2018-03-01T20:54:00Z" finished-at="2018-03-01T20:54:01Z">
          <reporter-output>
          </reporter-output>
        </test-method> <!-- Exit -->
      </class> <!-- com.YoutubeReload.www.YouTubeChrome -->
    </test> <!-- Default test -->
  </suite> <!-- Default suite -->
</testng-results>
